<?xml version="1.0" encoding="UTF-8"?>
<!-- Generated by org.testng.reporters.JUnitReportReporter -->
<testsuite hostname="DESKTOP-FKF169D" failures="0" tests="1" name="com.sauceDemo.TestClasses.TC_001PracticeTestNGLoginFunctionality" time="52.033" errors="0" timestamp="2022-08-10T14:55:53 IST" skipped="0">
  <testcase classname="com.sauceDemo.TestClasses.TC_001PracticeTestNGLoginFunctionality" name="loginfunctionality" time="52.033"/>
  <system-out/>
</testsuite> <!-- com.sauceDemo.TestClasses.TC_001PracticeTestNGLoginFunctionality -->
